<?xml version="1.0" encoding="UTF-8"?>
<!-- Generated by org.testng.reporters.JUnitReportReporter -->
<testsuite hostname="Emo-Girl" failures="0" tests="7" name="tests.LoginNegativeTest" time="17.350" errors="0" timestamp="2025-05-27T18:06:28 CDT" skipped="0">
  <testcase classname="tests.LoginNegativeTest" name="loginWithEmptyFields" time="2.466"/>
  <system-out/>
  <testcase classname="tests.LoginNegativeTest" name="loginWithInvalidUsername" time="2.303"/>
  <system-out/>
  <testcase classname="tests.LoginNegativeTest" name="loginWithEmptyUsername" time="1.698"/>
  <system-out/>
  <testcase classname="tests.LoginNegativeTest" name="loginWithLockedOutUser" time="3.409"/>
  <system-out/>
  <testcase classname="tests.LoginNegativeTest" name="loginWithCaseSensitiveUsername" time="1.856"/>
  <system-out/>
  <testcase classname="tests.LoginNegativeTest" name="loginWithEmptyPassword" time="2.823"/>
  <system-out/>
  <testcase classname="tests.LoginNegativeTest" name="loginWithInvalidPassword" time="2.795"/>
  <system-out/>
</testsuite> <!-- tests.LoginNegativeTest -->
