<?xml version="1.0" encoding="UTF-8"?>
<!-- Generated by org.testng.reporters.JUnitReportReporter -->
<testsuite hostname="Emo-Girl" failures="0" tests="8" name="tests.LoginTest" time="25.136" errors="0" timestamp="2025-05-27T16:20:00 CDT" skipped="0">
  <testcase classname="tests.LoginTest" name="loginWithInvalidUsername" time="2.201"/>
  <system-out/>
  <testcase classname="tests.LoginTest" name="loginWithEmptyFields" time="4.704"/>
  <system-out/>
  <testcase classname="tests.LoginTest" name="loginWithEmptyUsername" time="2.225"/>
  <system-out/>
  <testcase classname="tests.LoginTest" name="loginWithInvalidPassword" time="2.031"/>
  <system-out/>
  <testcase classname="tests.LoginTest" name="loginWithLockedOutUser" time="3.646"/>
  <system-out/>
  <testcase classname="tests.LoginTest" name="loginWithCaseSensitiveUsername" time="4.029"/>
  <system-out/>
  <testcase classname="tests.LoginTest" name="loginWithValidCredentials" time="2.263"/>
  <system-out/>
  <testcase classname="tests.LoginTest" name="loginWithEmptyPassword" time="4.037"/>
  <system-out/>
</testsuite> <!-- tests.LoginTest -->
