<?xml version="1.0" encoding="UTF-8"?>
<!-- Generated by org.testng.reporters.JUnitReportReporter -->
<testsuite hostname="Emo-Girl" failures="0" tests="8" name="tests.LoginTest" time="31.991" errors="0" timestamp="2025-05-27T15:07:12 CDT" skipped="0">
  <testcase classname="tests.LoginTest" name="loginWithCaseSensitiveUsername" time="7.100"/>
  <system-out/>
  <testcase classname="tests.LoginTest" name="loginWithEmptyFields" time="1.806"/>
  <system-out/>
  <testcase classname="tests.LoginTest" name="loginWithInvalidUsername" time="2.075"/>
  <system-out/>
  <testcase classname="tests.LoginTest" name="loginWithInvalidPassword" time="5.514"/>
  <system-out/>
  <testcase classname="tests.LoginTest" name="loginWithValidCredentials" time="4.947"/>
  <system-out/>
  <testcase classname="tests.LoginTest" name="loginWithLockedOutUser" time="4.057"/>
  <system-out/>
  <testcase classname="tests.LoginTest" name="loginWithEmptyPassword" time="4.798"/>
  <system-out/>
  <testcase classname="tests.LoginTest" name="loginWithEmptyUsername" time="1.694"/>
  <system-out/>
</testsuite> <!-- tests.LoginTest -->
