<?xml version="1.0" encoding="UTF-8"?>
<!-- Generated by org.testng.reporters.JUnitReportReporter -->
<testsuite hostname="Emo-Girl" failures="0" tests="9" name="tests.ProductTest" time="20.937" errors="0" timestamp="2025-05-27T16:20:00 CDT" skipped="0">
  <testcase classname="tests.ProductTest" name="addMultipleProductsToCartTest" time="2.447"/>
  <system-out/>
  <testcase classname="tests.ProductTest" name="sortProductsByNameZA" time="2.315"/>
  <system-out/>
  <testcase classname="tests.ProductTest" name="verifyProductNameAndPrice" time="2.196"/>
  <system-out/>
  <testcase classname="tests.ProductTest" name="sortProductsByNameAZ" time="2.271"/>
  <system-out/>
  <testcase classname="tests.ProductTest" name="sortProductsByPriceHighToLow" time="2.433"/>
  <system-out/>
  <testcase classname="tests.ProductTest" name="sortProductsByPriceLowToHigh" time="2.278"/>
  <system-out/>
  <testcase classname="tests.ProductTest" name="verifyCartIconUpdates" time="2.369"/>
  <system-out/>
  <testcase classname="tests.ProductTest" name="removeProductFromCartTest" time="2.366"/>
  <system-out/>
  <testcase classname="tests.ProductTest" name="verifyProductDetailsPage" time="2.262"/>
  <system-out/>
</testsuite> <!-- tests.ProductTest -->
