<?xml version="1.0" encoding="UTF-8"?>
<!-- Generated by org.testng.reporters.JUnitReportReporter -->
<testsuite hostname="Emo-Girl" failures="0" tests="8" name="tests.CheckoutTest" time="20.457" errors="0" timestamp="2025-05-27T15:07:12 CDT" skipped="0">
  <testcase classname="tests.CheckoutTest" name="verifyOrderSummaryTest" time="2.395"/>
  <system-out/>
  <testcase classname="tests.CheckoutTest" name="checkoutWithoutFirstNameTest" time="2.374"/>
  <system-out/>
  <testcase classname="tests.CheckoutTest" name="verifyCheckoutPageTitleTest" time="2.146"/>
  <system-out/>
  <testcase classname="tests.CheckoutTest" name="checkoutWithValidInfoTest" time="2.826"/>
  <system-out/>
  <testcase classname="tests.CheckoutTest" name="checkoutWithoutPostalCodeTest" time="3.019"/>
  <system-out/>
  <testcase classname="tests.CheckoutTest" name="checkoutWithMissingInfoTest" time="2.595"/>
  <system-out/>
  <testcase classname="tests.CheckoutTest" name="verifyFinishPageURLTest" time="2.383"/>
  <system-out/>
  <testcase classname="tests.CheckoutTest" name="checkoutWithoutLastNameTest" time="2.719"/>
  <system-out/>
</testsuite> <!-- tests.CheckoutTest -->
