<?xml version="1.0" encoding="UTF-8"?>
<!-- Generated by org.testng.reporters.JUnitReportReporter -->
<testsuite hostname="Emo-Girl" failures="0" tests="1" name="login.LoginTests" time="0.896" errors="0" timestamp="2025-05-19T16:15:18 CDT" skipped="0">
  <testcase classname="login.LoginTests" name="Successfullogin" time="0.896"/>
  <system-out/>
</testsuite> <!-- login.LoginTests -->
