<?xml version="1.0" encoding="UTF-8"?>
<!-- Generated by org.testng.reporters.JUnitReportReporter -->
<testsuite hostname="Emo-Girl" failures="0" tests="3" name="tests.CartTest" time="6.244" errors="0" timestamp="2025-05-27T15:07:12 CDT" skipped="0">
  <testcase classname="tests.CartTest" name="verifyCartContentsTest" time="2.066"/>
  <system-out/>
  <testcase classname="tests.CartTest" name="proceedToCheckoutTest" time="1.959"/>
  <system-out/>
  <testcase classname="tests.CartTest" name="removeItemFromCartTest" time="2.219"/>
  <system-out/>
</testsuite> <!-- tests.CartTest -->
