<?xml version="1.0" encoding="UTF-8"?>
<!-- Generated by org.testng.reporters.JUnitReportReporter -->
<testsuite hostname="Emo-Girl" failures="0" tests="8" name="tests.LoginTest" time="18.324" errors="0" timestamp="2025-05-27T13:20:35 CDT" skipped="0">
  <testcase classname="tests.LoginTest" name="loginWithInvalidPassword" time="2.295"/>
  <system-out/>
  <testcase classname="tests.LoginTest" name="loginWithCaseSensitiveUsername" time="3.075"/>
  <system-out/>
  <testcase classname="tests.LoginTest" name="loginWithEmptyFields" time="2.233"/>
  <system-out/>
  <testcase classname="tests.LoginTest" name="loginWithInvalidUsername" time="2.301"/>
  <system-out/>
  <testcase classname="tests.LoginTest" name="loginWithValidCredentials" time="1.951"/>
  <system-out/>
  <testcase classname="tests.LoginTest" name="loginWithLockedOutUser" time="1.992"/>
  <system-out/>
  <testcase classname="tests.LoginTest" name="loginWithEmptyPassword" time="2.217"/>
  <system-out/>
  <testcase classname="tests.LoginTest" name="loginWithEmptyUsername" time="2.260"/>
  <system-out/>
</testsuite> <!-- tests.LoginTest -->
