<?xml version="1.0" encoding="UTF-8"?>
<!-- Generated by org.testng.reporters.JUnitReportReporter -->
<testsuite hostname="Emo-Girl" failures="0" tests="1" name="tests.CheckoutTest" time="3.092" errors="0" timestamp="2025-05-27T18:13:49 CDT" skipped="0">
  <testcase classname="tests.CheckoutTest" name="checkoutWithMissingInfoTest" time="3.092"/>
  <system-out/>
</testsuite> <!-- tests.CheckoutTest -->
