<?xml version="1.0" encoding="UTF-8"?>
<!-- Generated by org.testng.reporters.JUnitReportReporter -->
<testsuite hostname="Emo-Girl" failures="0" tests="3" name="tests.CartTest" time="11.151" errors="0" timestamp="2025-05-27T16:20:00 CDT" skipped="0">
  <testcase classname="tests.CartTest" name="removeItemFromCartTest" time="3.212"/>
  <system-out/>
  <testcase classname="tests.CartTest" name="verifyCartContentsTest" time="5.540"/>
  <system-out/>
  <testcase classname="tests.CartTest" name="proceedToCheckoutTest" time="2.399"/>
  <system-out/>
</testsuite> <!-- tests.CartTest -->
