<?xml version="1.0" encoding="UTF-8"?>
<!-- Generated by org.testng.reporters.JUnitReportReporter -->
<testsuite hostname="Emo-Girl" failures="0" tests="1" name="tests.CartTest" time="2.951" errors="0" timestamp="2025-05-28T11:40:15 CDT" skipped="0">
  <testcase classname="tests.CartTest" name="proceedToCheckoutTest" time="2.951"/>
  <system-out/>
</testsuite> <!-- tests.CartTest -->
