<?xml version="1.0" encoding="UTF-8"?>
<!-- Generated by org.testng.reporters.JUnitReportReporter -->
<testsuite hostname="Emo-Girl" failures="0" tests="3" name="tests.CartTest" time="7.118" errors="0" timestamp="2025-05-27T14:24:27 CDT" skipped="0">
  <testcase classname="tests.CartTest" name="proceedToCheckoutTest" time="2.473"/>
  <system-out/>
  <testcase classname="tests.CartTest" name="verifyCartContentsTest" time="2.092"/>
  <system-out/>
  <testcase classname="tests.CartTest" name="removeItemFromCartTest" time="2.553"/>
  <system-out/>
</testsuite> <!-- tests.CartTest -->
