<?xml version="1.0" encoding="UTF-8"?>
<!-- Generated by org.testng.reporters.JUnitReportReporter -->
<testsuite hostname="Emo-Girl" failures="0" tests="8" name="tests.CheckoutTest" time="23.827" errors="0" timestamp="2025-05-27T16:20:00 CDT" skipped="0">
  <testcase classname="tests.CheckoutTest" name="verifyFinishPageURLTest" time="2.492"/>
  <system-out/>
  <testcase classname="tests.CheckoutTest" name="checkoutWithoutFirstNameTest" time="2.677"/>
  <system-out/>
  <testcase classname="tests.CheckoutTest" name="verifyOrderSummaryTest" time="2.686"/>
  <system-out/>
  <testcase classname="tests.CheckoutTest" name="checkoutWithoutLastNameTest" time="3.971"/>
  <system-out/>
  <testcase classname="tests.CheckoutTest" name="checkoutWithValidInfoTest" time="2.957"/>
  <system-out/>
  <testcase classname="tests.CheckoutTest" name="verifyCheckoutPageTitleTest" time="2.637"/>
  <system-out/>
  <testcase classname="tests.CheckoutTest" name="checkoutWithoutPostalCodeTest" time="2.660"/>
  <system-out/>
  <testcase classname="tests.CheckoutTest" name="checkoutWithMissingInfoTest" time="3.747"/>
  <system-out/>
</testsuite> <!-- tests.CheckoutTest -->
