<?xml version="1.0" encoding="UTF-8"?>
<!-- Generated by org.testng.reporters.JUnitReportReporter -->
<testsuite hostname="Emo-Girl" failures="0" tests="8" name="tests.LoginTest" time="20.414" errors="0" timestamp="2025-05-27T14:24:27 CDT" skipped="0">
  <testcase classname="tests.LoginTest" name="loginWithEmptyUsername" time="1.719"/>
  <system-out/>
  <testcase classname="tests.LoginTest" name="loginWithEmptyFields" time="5.163"/>
  <system-out/>
  <testcase classname="tests.LoginTest" name="loginWithEmptyPassword" time="1.900"/>
  <system-out/>
  <testcase classname="tests.LoginTest" name="loginWithInvalidUsername" time="2.366"/>
  <system-out/>
  <testcase classname="tests.LoginTest" name="loginWithValidCredentials" time="2.192"/>
  <system-out/>
  <testcase classname="tests.LoginTest" name="loginWithLockedOutUser" time="2.560"/>
  <system-out/>
  <testcase classname="tests.LoginTest" name="loginWithCaseSensitiveUsername" time="2.298"/>
  <system-out/>
  <testcase classname="tests.LoginTest" name="loginWithInvalidPassword" time="2.216"/>
  <system-out/>
</testsuite> <!-- tests.LoginTest -->
