<?xml version="1.0" encoding="UTF-8"?>
<!-- Generated by org.testng.reporters.JUnitReportReporter -->
<testsuite hostname="Emo-Girl" failures="0" tests="8" name="tests.CheckoutTest" time="21.926" errors="0" timestamp="2025-05-27T14:24:27 CDT" skipped="0">
  <testcase classname="tests.CheckoutTest" name="checkoutWithoutFirstNameTest" time="3.067"/>
  <system-out/>
  <testcase classname="tests.CheckoutTest" name="checkoutWithoutLastNameTest" time="3.148"/>
  <system-out/>
  <testcase classname="tests.CheckoutTest" name="checkoutWithMissingInfoTest" time="2.524"/>
  <system-out/>
  <testcase classname="tests.CheckoutTest" name="verifyFinishPageURLTest" time="2.500"/>
  <system-out/>
  <testcase classname="tests.CheckoutTest" name="verifyOrderSummaryTest" time="2.358"/>
  <system-out/>
  <testcase classname="tests.CheckoutTest" name="checkoutWithoutPostalCodeTest" time="3.076"/>
  <system-out/>
  <testcase classname="tests.CheckoutTest" name="checkoutWithValidInfoTest" time="3.090"/>
  <system-out/>
  <testcase classname="tests.CheckoutTest" name="verifyCheckoutPageTitleTest" time="2.163"/>
  <system-out/>
</testsuite> <!-- tests.CheckoutTest -->
