<?xml version="1.0" encoding="UTF-8"?>
<!-- Generated by org.testng.reporters.JUnitReportReporter -->
<testsuite hostname="Emo-Girl" failures="0" tests="2" name="tests.CheckoutTest" time="7.735" errors="0" timestamp="2025-05-28T11:40:15 CDT" skipped="0">
  <testcase classname="tests.CheckoutTest" name="verifyOrderSummaryTest" time="3.711"/>
  <system-out/>
  <testcase classname="tests.CheckoutTest" name="checkoutWithValidInfoTest" time="4.024"/>
  <system-out/>
</testsuite> <!-- tests.CheckoutTest -->
