<?xml version="1.0" encoding="UTF-8"?>
<!-- Generated by org.testng.reporters.JUnitReportReporter -->
<testsuite hostname="Emo-Girl" failures="0" tests="9" name="tests.ProductTest" time="21.449" errors="0" timestamp="2025-05-27T14:24:27 CDT" skipped="0">
  <testcase classname="tests.ProductTest" name="verifyProductNameAndPrice" time="2.018"/>
  <system-out/>
  <testcase classname="tests.ProductTest" name="sortProductsByNameZA" time="2.984"/>
  <system-out/>
  <testcase classname="tests.ProductTest" name="removeProductFromCartTest" time="2.304"/>
  <system-out/>
  <testcase classname="tests.ProductTest" name="sortProductsByPriceHighToLow" time="1.914"/>
  <system-out/>
  <testcase classname="tests.ProductTest" name="verifyProductDetailsPage" time="3.172"/>
  <system-out/>
  <testcase classname="tests.ProductTest" name="verifyCartIconUpdates" time="2.521"/>
  <system-out/>
  <testcase classname="tests.ProductTest" name="addMultipleProductsToCartTest" time="2.112"/>
  <system-out/>
  <testcase classname="tests.ProductTest" name="sortProductsByNameAZ" time="2.487"/>
  <system-out/>
  <testcase classname="tests.ProductTest" name="sortProductsByPriceLowToHigh" time="1.937"/>
  <system-out/>
</testsuite> <!-- tests.ProductTest -->
