<?xml version="1.0" encoding="UTF-8"?>
<!-- Generated by org.testng.reporters.JUnitReportReporter -->
<testsuite hostname="Emo-Girl" failures="0" tests="2" name="tests.CartTest" time="5.048" errors="0" timestamp="2025-05-27T18:13:49 CDT" skipped="0">
  <testcase classname="tests.CartTest" name="removeItemFromCartTest" time="2.617"/>
  <system-out/>
  <testcase classname="tests.CartTest" name="verifyCartContentsTest" time="2.431"/>
  <system-out/>
</testsuite> <!-- tests.CartTest -->
