<?xml version="1.0" encoding="UTF-8"?>
<!-- Generated by org.testng.reporters.JUnitReportReporter -->
<testsuite hostname="Emo-Girl" failures="0" tests="9" name="tests.ProductTest" time="19.401" errors="0" timestamp="2025-05-27T15:07:12 CDT" skipped="0">
  <testcase classname="tests.ProductTest" name="addMultipleProductsToCartTest" time="2.332"/>
  <system-out/>
  <testcase classname="tests.ProductTest" name="removeProductFromCartTest" time="1.986"/>
  <system-out/>
  <testcase classname="tests.ProductTest" name="verifyProductDetailsPage" time="2.223"/>
  <system-out/>
  <testcase classname="tests.ProductTest" name="verifyProductNameAndPrice" time="1.998"/>
  <system-out/>
  <testcase classname="tests.ProductTest" name="sortProductsByNameAZ" time="2.239"/>
  <system-out/>
  <testcase classname="tests.ProductTest" name="sortProductsByNameZA" time="2.497"/>
  <system-out/>
  <testcase classname="tests.ProductTest" name="sortProductsByPriceHighToLow" time="1.762"/>
  <system-out/>
  <testcase classname="tests.ProductTest" name="sortProductsByPriceLowToHigh" time="2.397"/>
  <system-out/>
  <testcase classname="tests.ProductTest" name="verifyCartIconUpdates" time="1.967"/>
  <system-out/>
</testsuite> <!-- tests.ProductTest -->
