<?xml version="1.0" encoding="UTF-8"?>
<!-- Generated by org.testng.reporters.JUnitReportReporter -->
<testsuite hostname="Emo-Girl" failures="0" tests="9" name="tests.ProductTest" time="20.791" errors="0" timestamp="2025-05-27T13:20:35 CDT" skipped="0">
  <testcase classname="tests.ProductTest" name="verifyCartIconUpdates" time="2.463"/>
  <system-out/>
  <testcase classname="tests.ProductTest" name="removeProductFromCartTest" time="2.261"/>
  <system-out/>
  <testcase classname="tests.ProductTest" name="addMultipleProductsToCartTest" time="2.309"/>
  <system-out/>
  <testcase classname="tests.ProductTest" name="sortProductsByNameAZ" time="2.375"/>
  <system-out/>
  <testcase classname="tests.ProductTest" name="verifyProductNameAndPrice" time="2.091"/>
  <system-out/>
  <testcase classname="tests.ProductTest" name="sortProductsByPriceLowToHigh" time="2.388"/>
  <system-out/>
  <testcase classname="tests.ProductTest" name="sortProductsByNameZA" time="2.291"/>
  <system-out/>
  <testcase classname="tests.ProductTest" name="verifyProductDetailsPage" time="2.240"/>
  <system-out/>
  <testcase classname="tests.ProductTest" name="sortProductsByPriceHighToLow" time="2.373"/>
  <system-out/>
</testsuite> <!-- tests.ProductTest -->
