<?xml version="1.0" encoding="UTF-8"?>
<!-- Generated by org.testng.reporters.JUnitReportReporter -->
<testsuite hostname="Emo-Girl" failures="0" tests="8" name="tests.CheckoutTest" time="22.800" errors="0" timestamp="2025-05-27T13:20:35 CDT" skipped="0">
  <testcase classname="tests.CheckoutTest" name="checkoutWithoutPostalCodeTest" time="2.374"/>
  <system-out/>
  <testcase classname="tests.CheckoutTest" name="checkoutWithoutLastNameTest" time="3.332"/>
  <system-out/>
  <testcase classname="tests.CheckoutTest" name="checkoutWithMissingInfoTest" time="2.777"/>
  <system-out/>
  <testcase classname="tests.CheckoutTest" name="verifyCheckoutPageTitleTest" time="2.295"/>
  <system-out/>
  <testcase classname="tests.CheckoutTest" name="verifyFinishPageURLTest" time="2.993"/>
  <system-out/>
  <testcase classname="tests.CheckoutTest" name="checkoutWithoutFirstNameTest" time="2.884"/>
  <system-out/>
  <testcase classname="tests.CheckoutTest" name="checkoutWithValidInfoTest" time="3.203"/>
  <system-out/>
  <testcase classname="tests.CheckoutTest" name="verifyOrderSummaryTest" time="2.942"/>
  <system-out/>
</testsuite> <!-- tests.CheckoutTest -->
