<?xml version="1.0" encoding="UTF-8"?>
<!-- Generated by org.testng.reporters.JUnitReportReporter -->
<testsuite hostname="Emo-Girl" failures="0" tests="1" name="tests.LoginTest" time="2.901" errors="0" timestamp="2025-05-28T11:40:15 CDT" skipped="0">
  <testcase classname="tests.LoginTest" name="loginWithValidCredentials" time="2.901"/>
  <system-out/>
</testsuite> <!-- tests.LoginTest -->
