<?xml version="1.0" encoding="UTF-8"?>
<!-- Generated by org.testng.reporters.JUnitReportReporter -->
<testsuite hostname="Emo-Girl" failures="0" tests="7" name="tests.ProductTest" time="16.327" errors="0" timestamp="2025-05-27T18:13:49 CDT" skipped="0">
  <testcase classname="tests.ProductTest" name="verifyProductDetailsPage" time="2.345"/>
  <system-out/>
  <testcase classname="tests.ProductTest" name="sortProductsByNameZA" time="2.213"/>
  <system-out/>
  <testcase classname="tests.ProductTest" name="addMultipleProductsToCartTest" time="2.280"/>
  <system-out/>
  <testcase classname="tests.ProductTest" name="removeProductFromCartTest" time="2.374"/>
  <system-out/>
  <testcase classname="tests.ProductTest" name="sortProductsByPriceHighToLow" time="2.406"/>
  <system-out/>
  <testcase classname="tests.ProductTest" name="sortProductsByPriceLowToHigh" time="2.372"/>
  <system-out/>
  <testcase classname="tests.ProductTest" name="sortProductsByNameAZ" time="2.337"/>
  <system-out/>
</testsuite> <!-- tests.ProductTest -->
