<?xml version="1.0" encoding="UTF-8"?>
<!-- Generated by org.testng.reporters.JUnitReportReporter -->
<testsuite hostname="Emo-Girl" failures="0" tests="3" name="tests.ProductTest" time="6.868" errors="0" timestamp="2025-05-28T11:40:15 CDT" skipped="0">
  <testcase classname="tests.ProductTest" name="verifyProductNameAndPrice" time="2.224"/>
  <system-out/>
  <testcase classname="tests.ProductTest" name="verifyProductDetailsPage" time="2.347"/>
  <system-out/>
  <testcase classname="tests.ProductTest" name="addMultipleProductsToCartTest" time="2.297"/>
  <system-out/>
</testsuite> <!-- tests.ProductTest -->
