<?xml version="1.0" encoding="UTF-8"?>
<!-- Generated by org.testng.reporters.JUnitReportReporter -->
<testsuite hostname="Emo-Girl" failures="0" tests="8" name="tests.LoginTest" time="20.034" errors="0" timestamp="2025-05-27T16:31:23 CDT" skipped="0">
  <testcase classname="tests.LoginTest" name="loginWithEmptyUsername" time="2.174"/>
  <system-out/>
  <testcase classname="tests.LoginTest" name="loginWithLockedOutUser" time="2.386"/>
  <system-out/>
  <testcase classname="tests.LoginTest" name="loginWithEmptyFields" time="2.058"/>
  <system-out/>
  <testcase classname="tests.LoginTest" name="loginWithCaseSensitiveUsername" time="2.321"/>
  <system-out/>
  <testcase classname="tests.LoginTest" name="loginWithInvalidUsername" time="2.625"/>
  <system-out/>
  <testcase classname="tests.LoginTest" name="loginWithEmptyPassword" time="1.909"/>
  <system-out/>
  <testcase classname="tests.LoginTest" name="loginWithValidCredentials" time="4.219"/>
  <system-out/>
  <testcase classname="tests.LoginTest" name="loginWithInvalidPassword" time="2.342"/>
  <system-out/>
</testsuite> <!-- tests.LoginTest -->
