<?xml version="1.0" encoding="UTF-8"?>
<!-- Generated by org.testng.reporters.JUnitReportReporter -->
<testsuite skipped="0" hostname="Emo-Girl" name="tests.CartTest" tests="3" failures="0" timestamp="2025-05-28T11:09:35 CDT" time="7.282" errors="0">
  <testcase name="verifyCartContentsTest" time="2.427" classname="tests.CartTest"/>
  <system-out/>
  <testcase name="removeItemFromCartTest" time="2.353" classname="tests.CartTest"/>
  <system-out/>
  <testcase name="proceedToCheckoutTest" time="2.502" classname="tests.CartTest"/>
  <system-out/>
</testsuite> <!-- tests.CartTest -->
