<?xml version="1.0" encoding="UTF-8"?>
<!-- Generated by org.testng.reporters.JUnitReportReporter -->
<testsuite hostname="Emo-Girl" failures="0" tests="8" name="tests.CheckoutTest" time="31.529" errors="0" timestamp="2025-05-27T16:31:23 CDT" skipped="0">
  <testcase classname="tests.CheckoutTest" name="checkoutWithoutFirstNameTest" time="5.683"/>
  <system-out/>
  <testcase classname="tests.CheckoutTest" name="verifyOrderSummaryTest" time="3.336"/>
  <system-out/>
  <testcase classname="tests.CheckoutTest" name="verifyFinishPageURLTest" time="5.869"/>
  <system-out/>
  <testcase classname="tests.CheckoutTest" name="verifyCheckoutPageTitleTest" time="2.212"/>
  <system-out/>
  <testcase classname="tests.CheckoutTest" name="checkoutWithoutPostalCodeTest" time="4.251"/>
  <system-out/>
  <testcase classname="tests.CheckoutTest" name="checkoutWithMissingInfoTest" time="4.020"/>
  <system-out/>
  <testcase classname="tests.CheckoutTest" name="checkoutWithValidInfoTest" time="3.157"/>
  <system-out/>
  <testcase classname="tests.CheckoutTest" name="checkoutWithoutLastNameTest" time="3.001"/>
  <system-out/>
</testsuite> <!-- tests.CheckoutTest -->
