<?xml version="1.0" encoding="UTF-8"?>
<!-- Generated by org.testng.reporters.JUnitReportReporter -->
<testsuite hostname="Emo-Girl" failures="0" tests="9" name="tests.ProductTest" time="23.760" errors="0" timestamp="2025-05-27T16:31:23 CDT" skipped="0">
  <testcase classname="tests.ProductTest" name="sortProductsByPriceHighToLow" time="2.196"/>
  <system-out/>
  <testcase classname="tests.ProductTest" name="addMultipleProductsToCartTest" time="2.609"/>
  <system-out/>
  <testcase classname="tests.ProductTest" name="sortProductsByNameZA" time="3.439"/>
  <system-out/>
  <testcase classname="tests.ProductTest" name="removeProductFromCartTest" time="2.750"/>
  <system-out/>
  <testcase classname="tests.ProductTest" name="sortProductsByPriceLowToHigh" time="2.194"/>
  <system-out/>
  <testcase classname="tests.ProductTest" name="verifyProductNameAndPrice" time="2.372"/>
  <system-out/>
  <testcase classname="tests.ProductTest" name="sortProductsByNameAZ" time="3.525"/>
  <system-out/>
  <testcase classname="tests.ProductTest" name="verifyProductDetailsPage" time="2.474"/>
  <system-out/>
  <testcase classname="tests.ProductTest" name="verifyCartIconUpdates" time="2.201"/>
  <system-out/>
</testsuite> <!-- tests.ProductTest -->
