<?xml version="1.0" encoding="UTF-8"?>
<!-- Generated by org.testng.reporters.JUnitReportReporter -->
<testsuite skipped="0" hostname="Emo-Girl" name="tests.CheckoutTest" tests="8" failures="0" timestamp="2025-05-28T11:09:35 CDT" time="24.291" errors="0">
  <testcase name="checkoutWithoutPostalCodeTest" time="3.059" classname="tests.CheckoutTest"/>
  <system-out/>
  <testcase name="checkoutWithValidInfoTest" time="3.084" classname="tests.CheckoutTest"/>
  <system-out/>
  <testcase name="checkoutWithMissingInfoTest" time="2.936" classname="tests.CheckoutTest"/>
  <system-out/>
  <testcase name="checkoutWithoutLastNameTest" time="2.801" classname="tests.CheckoutTest"/>
  <system-out/>
  <testcase name="verifyFinishPageURLTest" time="3.261" classname="tests.CheckoutTest"/>
  <system-out/>
  <testcase name="checkoutWithoutFirstNameTest" time="3.142" classname="tests.CheckoutTest"/>
  <system-out/>
  <testcase name="verifyCheckoutPageTitleTest" time="2.641" classname="tests.CheckoutTest"/>
  <system-out/>
  <testcase name="verifyOrderSummaryTest" time="3.367" classname="tests.CheckoutTest"/>
  <system-out/>
</testsuite> <!-- tests.CheckoutTest -->
