<?xml version="1.0" encoding="UTF-8"?>
<!-- Generated by org.testng.reporters.JUnitReportReporter -->
<testsuite skipped="0" hostname="Emo-Girl" name="tests.LoginNegativeTest" tests="7" failures="0" timestamp="2025-05-28T11:09:35 CDT" time="16.057" errors="0">
  <testcase name="loginWithCaseSensitiveUsername" time="2.225" classname="tests.LoginNegativeTest"/>
  <system-out/>
  <testcase name="loginWithInvalidUsername" time="2.249" classname="tests.LoginNegativeTest"/>
  <system-out/>
  <testcase name="loginWithEmptyFields" time="2.467" classname="tests.LoginNegativeTest"/>
  <system-out/>
  <testcase name="loginWithEmptyPassword" time="2.280" classname="tests.LoginNegativeTest"/>
  <system-out/>
  <testcase name="loginWithEmptyUsername" time="2.212" classname="tests.LoginNegativeTest"/>
  <system-out/>
  <testcase name="loginWithInvalidPassword" time="2.402" classname="tests.LoginNegativeTest"/>
  <system-out/>
  <testcase name="loginWithLockedOutUser" time="2.222" classname="tests.LoginNegativeTest"/>
  <system-out/>
</testsuite> <!-- tests.LoginNegativeTest -->
