<?xml version="1.0" encoding="UTF-8"?>
<!-- Generated by org.testng.reporters.JUnitReportReporter -->
<testsuite skipped="0" hostname="Emo-Girl" name="tests.LoginTest" tests="1" failures="0" timestamp="2025-05-28T11:09:35 CDT" time="2.839" errors="0">
  <testcase name="loginWithValidCredentials" time="2.839" classname="tests.LoginTest"/>
  <system-out/>
</testsuite> <!-- tests.LoginTest -->
