<?xml version="1.0" encoding="UTF-8"?>
<!-- Generated by org.testng.reporters.JUnitReportReporter -->
<testsuite skipped="0" hostname="Emo-Girl" name="tests.ProductTest" tests="9" failures="0" timestamp="2025-05-28T11:09:35 CDT" time="22.474" errors="0">
  <testcase name="sortProductsByPriceLowToHigh" time="2.601" classname="tests.ProductTest"/>
  <system-out/>
  <testcase name="sortProductsByNameAZ" time="2.583" classname="tests.ProductTest"/>
  <system-out/>
  <testcase name="addMultipleProductsToCartTest" time="2.365" classname="tests.ProductTest"/>
  <system-out/>
  <testcase name="removeProductFromCartTest" time="2.327" classname="tests.ProductTest"/>
  <system-out/>
  <testcase name="sortProductsByPriceHighToLow" time="2.445" classname="tests.ProductTest"/>
  <system-out/>
  <testcase name="sortProductsByNameZA" time="3.125" classname="tests.ProductTest"/>
  <system-out/>
  <testcase name="verifyProductNameAndPrice" time="2.363" classname="tests.ProductTest"/>
  <system-out/>
  <testcase name="verifyCartIconUpdates" time="2.400" classname="tests.ProductTest"/>
  <system-out/>
  <testcase name="verifyProductDetailsPage" time="2.265" classname="tests.ProductTest"/>
  <system-out/>
</testsuite> <!-- tests.ProductTest -->
